* using log directory '/home/snotman/mice/..Rcheck'
* using R version 2.4.1 (2006-12-18)
* checking for file './DESCRIPTION' ... OK
* this is package 'mice' version '1.15'
* checking package dependencies ... OK
* checking if this is a source package ... OK
* checking whether package 'mice' can be installed ... OK
* checking package directory ... OK
* checking for portable file names ... OK
* checking for sufficient/correct file permissions ... OK
* checking DESCRIPTION meta-information ... OK
* checking top-level files ... OK
* checking index information ... OK
* checking package subdirectories ... OK
* checking R files for syntax errors ... OK
* checking R files for non-ASCII characters ... OK
* checking whether the package can be loaded ... OK
* checking whether the package can be loaded with stated dependencies ... OK
* checking S3 generic/method consistency ... OK
* checking replacement functions ... OK
* checking foreign function calls ... OK
* checking R code for possible problems ... OK
* checking Rd files ... OK
* checking Rd cross-references ... OK
* checking for missing documentation entries ... OK
* checking for code/documentation mismatches ... OK
* checking Rd \usage sections ... OK
* creating mice-Ex.R ... OK
* checking examples ... OK
* creating mice-manual.tex ... OK
