* Installing *source* package 'mice' ...
** R
** data
** inst
** preparing package for lazy loading
Loading required package: Hmisc
Hmisc library by Frank E Harrell Jr

Type library(help='Hmisc'), ?Overview, or ?Hmisc.Overview')
to see overall documentation.

NOTE:Hmisc no longer redefines [.factor to drop unused levels when
subsetting.  To get the old behavior of Hmisc type dropUnusedLevels().
Loading required package: MASS
Loading required package: nnet
** help
 >>> Building/Updating help pages for package 'mice'
     Formats: text html latex example 
  complete                          text    html    latex   example
  glm.mids                          text    html    latex   example
  lm.mids                           text    html    latex   example
  md.pattern                        text    html    latex   example
  mice-internal                     text    html    latex
  mice                              text    html    latex   example
  mice.impute.lda                   text    html    latex
  mice.impute.logreg                text    html    latex
  mice.impute.logreg2               text    html    latex
  mice.impute.mean                  text    html    latex
  mice.impute.norm                  text    html    latex
  mice.impute.norm.improper         text    html    latex
  mice.impute.passive               text    html    latex
  mice.impute.pmm                   text    html    latex
  mice.impute.polyreg               text    html    latex
  mice.impute.sample                text    html    latex
  mice.mids                         text    html    latex   example
  mids                              text    html    latex
  mipo                              text    html    latex
  mira                              text    html    latex
  nhanes                            text    html    latex
  nhanes2                           text    html    latex
  pool                              text    html    latex   example
** building package indices ...
* DONE (mice)
